<?xml version="1.0" encoding="UTF-8"?>
<!-- Generated by org.testng.reporters.JUnitReportReporter -->
<testsuite hostname="VE23082022-J38H" failures="0" tests="1" name="com.qa.opencart.test.LoginPageTest" time="8.541" errors="0" timestamp="2024-11-08T15:06:16 IST" skipped="0">
  <testcase classname="com.qa.opencart.test.LoginPageTest" name="loginTest" time="8.541"/>
</testsuite> <!-- com.qa.opencart.test.LoginPageTest -->
