<?xml version="1.0" encoding="UTF-8"?>
<!-- Generated by org.testng.reporters.JUnitReportReporter -->
<testsuite hostname="DESKTOP-PPODBDV" failures="0" tests="5" name="com.qa.opencart.test.LoginPageTest" time="0.477" errors="0" timestamp="2024-11-08T10:24:01 IST" skipped="0">
  <testcase classname="com.qa.opencart.test.LoginPageTest" name="loginPageTitleTest" time="0.066"/>
  <testcase classname="com.qa.opencart.test.LoginPageTest" name="loginPageUrlTest" time="0.016"/>
  <testcase classname="com.qa.opencart.test.LoginPageTest" name="forgotPwdLinkTest" time="0.041"/>
  <testcase classname="com.qa.opencart.test.LoginPageTest" name="registerPwdLinkTest" time="0.033"/>
  <testcase classname="com.qa.opencart.test.LoginPageTest" name="loginTest" time="0.321"/>
</testsuite> <!-- com.qa.opencart.test.LoginPageTest -->
