<?xml version="1.0" encoding="UTF-8"?>
<!-- Generated by org.testng.reporters.JUnitReportReporter -->
<testsuite hostname="DESKTOP-PPODBDV" failures="0" tests="5" name="com.qa.opencart.test.LoginPageTest" time="0.427" errors="0" timestamp="2024-11-07T23:59:13 IST" skipped="0">
  <testcase classname="com.qa.opencart.test.LoginPageTest" name="loginPageTitleTest" time="0.105"/>
  <testcase classname="com.qa.opencart.test.LoginPageTest" name="loginPageUrlTest" time="0.011"/>
  <testcase classname="com.qa.opencart.test.LoginPageTest" name="forgotPwdLinkTest" time="0.043"/>
  <testcase classname="com.qa.opencart.test.LoginPageTest" name="registerPwdLinkTest" time="0.035"/>
  <testcase classname="com.qa.opencart.test.LoginPageTest" name="loginTest" time="0.233"/>
</testsuite> <!-- com.qa.opencart.test.LoginPageTest -->
